[debug] [2018-02-01T20:25:43.006Z] ----------------------------------------------------------------------
[debug] [2018-02-01T20:25:43.011Z] Command:       /usr/local/bin/node /usr/local/bin/firebase deploy
[debug] [2018-02-01T20:25:43.012Z] CLI Version:   3.15.3
[debug] [2018-02-01T20:25:43.012Z] Platform:      darwin
[debug] [2018-02-01T20:25:43.012Z] Node Version:  v6.11.0
[debug] [2018-02-01T20:25:43.014Z] Time:          Thu Feb 01 2018 15:25:43 GMT-0500 (EST)
[debug] [2018-02-01T20:25:43.014Z] ----------------------------------------------------------------------
[debug] 
[debug] [2018-02-01T20:25:43.131Z] > command requires scopes: ["email","openid","https://www.googleapis.com/auth/cloudplatformprojects.readonly","https://www.googleapis.com/auth/firebase","https://www.googleapis.com/auth/cloud-platform"]
[debug] [2018-02-01T20:25:43.132Z] > authorizing via signed-in user
[debug] [2018-02-01T20:25:43.137Z] >>> HTTP REQUEST GET https://admin.firebase.com/v1/projects/noteapp-436f9  
 Thu Feb 01 2018 15:25:43 GMT-0500 (EST)
[debug] [2018-02-01T20:25:43.777Z] <<< HTTP RESPONSE 200
[debug] [2018-02-01T20:25:43.779Z] >>> HTTP REQUEST GET https://admin.firebase.com/v1/database/noteapp-436f9/tokens  
 Thu Feb 01 2018 15:25:43 GMT-0500 (EST)
[debug] [2018-02-01T20:25:44.061Z] <<< HTTP RESPONSE 200
[info] 
[info] === Deploying to 'noteapp-436f9'...
[info] 
[info] i  deploying functions, hosting
[debug] [2018-02-01T20:25:44.538Z] > [functions] package.json contents: {
  "name": "functions",
  "description": "Cloud Functions for Firebase",
  "scripts": {
    "serve": "firebase serve --only functions",
    "shell": "firebase experimental:functions:shell",
    "start": "npm run shell",
    "deploy": "firebase deploy --only functions",
    "logs": "firebase functions:log"
  },
  "dependencies": {
    "firebase-admin": "~5.4.2",
    "firebase-functions": "^0.7.1"
  },
  "private": true
}
[info] i  functions: ensuring necessary APIs are enabled...
[info] i  runtimeconfig: ensuring necessary APIs are enabled...
[debug] [2018-02-01T20:25:44.578Z] >>> HTTP REQUEST GET https://servicemanagement.googleapis.com/v1/services/cloudfunctions.googleapis.com/projectSettings/noteapp-436f9?view=CONSUMER_VIEW  
 Thu Feb 01 2018 15:25:44 GMT-0500 (EST)
[debug] [2018-02-01T20:25:44.579Z] >>> HTTP REQUEST GET https://servicemanagement.googleapis.com/v1/services/runtimeconfig.googleapis.com/projectSettings/noteapp-436f9?view=CONSUMER_VIEW  
 Thu Feb 01 2018 15:25:44 GMT-0500 (EST)
[debug] [2018-02-01T20:25:45.176Z] <<< HTTP RESPONSE 200
[info] ✔  functions: all necessary APIs are enabled
[debug] [2018-02-01T20:25:45.188Z] <<< HTTP RESPONSE 200
[info] ✔  runtimeconfig: all necessary APIs are enabled
[debug] [2018-02-01T20:25:45.200Z] >>> HTTP REQUEST GET https://appengine.googleapis.com/v1/apps/noteapp-436f9  
 Thu Feb 01 2018 15:25:45 GMT-0500 (EST)
[debug] [2018-02-01T20:25:45.202Z] >>> HTTP REQUEST GET https://apikeys.googleapis.com/v1/projects/noteapp-436f9/apiKeys  
 Thu Feb 01 2018 15:25:45 GMT-0500 (EST)
[debug] [2018-02-01T20:25:45.539Z] <<< HTTP RESPONSE 200
[debug] [2018-02-01T20:25:45.579Z] <<< HTTP RESPONSE 200
